<?xml version="1.0" ?>
<coverage version="7.10.7" timestamp="1761129774762" lines-valid="757" lines-covered="161" line-rate="0.2127" branches-covered="0" branches-valid="0" branch-rate="0" complexity="0">
	<!-- Generated by coverage.py: https://coverage.readthedocs.io/en/7.10.7 -->
	<!-- Based on https://raw.githubusercontent.com/cobertura/web/master/htdocs/xml/coverage-04.dtd -->
	<sources>
		<source></source>
	</sources>
	<packages>
		<package name=".home.alien.dev.VPNSentinel.vpn-sentinel-server" line-rate="0.2127" branch-rate="0" complexity="0">
			<classes>
				<class name="vpn-sentinel-server.py" filename="/home/alien/dev/VPNSentinel/vpn-sentinel-server/vpn-sentinel-server.py" complexity="0" line-rate="0.2127" branch-rate="0">
					<methods/>
					<lines>
						<line number="83" hits="1"/>
						<line number="84" hits="1"/>
						<line number="85" hits="1"/>
						<line number="86" hits="1"/>
						<line number="87" hits="1"/>
						<line number="88" hits="1"/>
						<line number="89" hits="1"/>
						<line number="90" hits="1"/>
						<line number="91" hits="1"/>
						<line number="92" hits="1"/>
						<line number="93" hits="1"/>
						<line number="100" hits="1"/>
						<line number="101" hits="1"/>
						<line number="102" hits="1"/>
						<line number="104" hits="1"/>
						<line number="105" hits="1"/>
						<line number="106" hits="0"/>
						<line number="108" hits="1"/>
						<line number="111" hits="1"/>
						<line number="112" hits="1"/>
						<line number="113" hits="1"/>
						<line number="117" hits="1"/>
						<line number="118" hits="1"/>
						<line number="121" hits="1"/>
						<line number="122" hits="1"/>
						<line number="123" hits="0"/>
						<line number="124" hits="0"/>
						<line number="126" hits="0"/>
						<line number="129" hits="1"/>
						<line number="130" hits="1"/>
						<line number="131" hits="0"/>
						<line number="134" hits="1"/>
						<line number="135" hits="1"/>
						<line number="139" hits="1"/>
						<line number="140" hits="1"/>
						<line number="143" hits="1"/>
						<line number="144" hits="1"/>
						<line number="147" hits="1"/>
						<line number="148" hits="1"/>
						<line number="149" hits="1"/>
						<line number="152" hits="1"/>
						<line number="156" hits="1"/>
						<line number="159" hits="1"/>
						<line number="160" hits="1"/>
						<line number="169" hits="1"/>
						<line number="173" hits="1"/>
						<line number="177" hits="1"/>
						<line number="181" hits="1"/>
						<line number="185" hits="1"/>
						<line number="191" hits="1"/>
						<line number="202" hits="1"/>
						<line number="204" hits="1"/>
						<line number="213" hits="1"/>
						<line number="214" hits="1"/>
						<line number="216" hits="1"/>
						<line number="218" hits="1"/>
						<line number="220" hits="1"/>
						<line number="222" hits="0"/>
						<line number="224" hits="1"/>
						<line number="226" hits="1"/>
						<line number="228" hits="1"/>
						<line number="239" hits="0"/>
						<line number="241" hits="0"/>
						<line number="242" hits="0"/>
						<line number="243" hits="0"/>
						<line number="244" hits="0"/>
						<line number="245" hits="0"/>
						<line number="246" hits="0"/>
						<line number="249" hits="0"/>
						<line number="250" hits="0"/>
						<line number="251" hits="0"/>
						<line number="252" hits="0"/>
						<line number="253" hits="0"/>
						<line number="254" hits="0"/>
						<line number="255" hits="0"/>
						<line number="257" hits="0"/>
						<line number="259" hits="1"/>
						<line number="270" hits="0"/>
						<line number="277" hits="0"/>
						<line number="279" hits="0"/>
						<line number="280" hits="0"/>
						<line number="282" hits="0"/>
						<line number="284" hits="0"/>
						<line number="285" hits="0"/>
						<line number="286" hits="0"/>
						<line number="288" hits="0"/>
						<line number="289" hits="0"/>
						<line number="291" hits="0"/>
						<line number="292" hits="0"/>
						<line number="295" hits="0"/>
						<line number="297" hits="0"/>
						<line number="300" hits="0"/>
						<line number="301" hits="0"/>
						<line number="302" hits="0"/>
						<line number="304" hits="0"/>
						<line number="305" hits="0"/>
						<line number="306" hits="0"/>
						<line number="307" hits="0"/>
						<line number="309" hits="0"/>
						<line number="312" hits="0"/>
						<line number="315" hits="0"/>
						<line number="318" hits="0"/>
						<line number="319" hits="0"/>
						<line number="320" hits="0"/>
						<line number="322" hits="0"/>
						<line number="323" hits="0"/>
						<line number="324" hits="0"/>
						<line number="325" hits="0"/>
						<line number="327" hits="0"/>
						<line number="330" hits="0"/>
						<line number="333" hits="0"/>
						<line number="334" hits="0"/>
						<line number="335" hits="0"/>
						<line number="336" hits="0"/>
						<line number="337" hits="0"/>
						<line number="338" hits="0"/>
						<line number="340" hits="0"/>
						<line number="341" hits="0"/>
						<line number="343" hits="0"/>
						<line number="345" hits="1"/>
						<line number="368" hits="0"/>
						<line number="370" hits="0"/>
						<line number="373" hits="0"/>
						<line number="380" hits="0"/>
						<line number="381" hits="0"/>
						<line number="384" hits="0"/>
						<line number="385" hits="0"/>
						<line number="387" hits="0"/>
						<line number="389" hits="0"/>
						<line number="390" hits="0"/>
						<line number="392" hits="0"/>
						<line number="393" hits="0"/>
						<line number="399" hits="1"/>
						<line number="416" hits="0"/>
						<line number="418" hits="0"/>
						<line number="419" hits="0"/>
						<line number="421" hits="0"/>
						<line number="424" hits="0"/>
						<line number="426" hits="1"/>
						<line number="442" hits="1"/>
						<line number="443" hits="1"/>
						<line number="446" hits="1"/>
						<line number="449" hits="1"/>
						<line number="450" hits="1"/>
						<line number="453" hits="1"/>
						<line number="454" hits="1"/>
						<line number="455" hits="1"/>
						<line number="457" hits="1"/>
						<line number="459" hits="1"/>
						<line number="474" hits="1"/>
						<line number="475" hits="1"/>
						<line number="478" hits="1"/>
						<line number="481" hits="1"/>
						<line number="482" hits="1"/>
						<line number="485" hits="1"/>
						<line number="486" hits="1"/>
						<line number="487" hits="1"/>
						<line number="488" hits="1"/>
						<line number="489" hits="1"/>
						<line number="490" hits="1"/>
						<line number="491" hits="1"/>
						<line number="492" hits="1"/>
						<line number="493" hits="1"/>
						<line number="494" hits="1"/>
						<line number="496" hits="1"/>
						<line number="513" hits="1"/>
						<line number="514" hits="1"/>
						<line number="517" hits="1"/>
						<line number="520" hits="1"/>
						<line number="521" hits="1"/>
						<line number="526" hits="1"/>
						<line number="527" hits="1"/>
						<line number="528" hits="1"/>
						<line number="529" hits="1"/>
						<line number="530" hits="1"/>
						<line number="532" hits="1"/>
						<line number="534" hits="1"/>
						<line number="559" hits="0"/>
						<line number="563" hits="0"/>
						<line number="564" hits="0"/>
						<line number="566" hits="0"/>
						<line number="568" hits="0"/>
						<line number="569" hits="0"/>
						<line number="572" hits="0"/>
						<line number="573" hits="0"/>
						<line number="576" hits="0"/>
						<line number="577" hits="0"/>
						<line number="580" hits="0"/>
						<line number="581" hits="0"/>
						<line number="583" hits="1"/>
						<line number="605" hits="1"/>
						<line number="606" hits="0"/>
						<line number="607" hits="1"/>
						<line number="609" hits="1"/>
						<line number="635" hits="1"/>
						<line number="636" hits="1"/>
						<line number="638" hits="1"/>
						<line number="662" hits="0"/>
						<line number="663" hits="0"/>
						<line number="664" hits="0"/>
						<line number="665" hits="0"/>
						<line number="668" hits="0"/>
						<line number="669" hits="0"/>
						<line number="670" hits="0"/>
						<line number="673" hits="0"/>
						<line number="674" hits="0"/>
						<line number="675" hits="0"/>
						<line number="679" hits="0"/>
						<line number="681" hits="0"/>
						<line number="682" hits="0"/>
						<line number="684" hits="0"/>
						<line number="687" hits="0"/>
						<line number="688" hits="0"/>
						<line number="694" hits="1"/>
						<line number="695" hits="1"/>
						<line number="720" hits="0"/>
						<line number="721" hits="0"/>
						<line number="724" hits="0"/>
						<line number="725" hits="0"/>
						<line number="726" hits="0"/>
						<line number="732" hits="1"/>
						<line number="733" hits="1"/>
						<line number="790" hits="0"/>
						<line number="792" hits="0"/>
						<line number="793" hits="0"/>
						<line number="794" hits="0"/>
						<line number="797" hits="0"/>
						<line number="800" hits="0"/>
						<line number="803" hits="0"/>
						<line number="804" hits="0"/>
						<line number="805" hits="0"/>
						<line number="808" hits="0"/>
						<line number="809" hits="0"/>
						<line number="812" hits="0"/>
						<line number="813" hits="0"/>
						<line number="814" hits="0"/>
						<line number="815" hits="0"/>
						<line number="816" hits="0"/>
						<line number="819" hits="0"/>
						<line number="820" hits="0"/>
						<line number="823" hits="0"/>
						<line number="841" hits="0"/>
						<line number="846" hits="0"/>
						<line number="847" hits="0"/>
						<line number="849" hits="0"/>
						<line number="851" hits="0"/>
						<line number="852" hits="0"/>
						<line number="855" hits="0"/>
						<line number="856" hits="0"/>
						<line number="857" hits="0"/>
						<line number="858" hits="0"/>
						<line number="859" hits="0"/>
						<line number="860" hits="0"/>
						<line number="863" hits="0"/>
						<line number="864" hits="0"/>
						<line number="865" hits="0"/>
						<line number="867" hits="0"/>
						<line number="868" hits="0"/>
						<line number="869" hits="0"/>
						<line number="870" hits="0"/>
						<line number="871" hits="0"/>
						<line number="872" hits="0"/>
						<line number="873" hits="0"/>
						<line number="875" hits="0"/>
						<line number="876" hits="0"/>
						<line number="877" hits="0"/>
						<line number="879" hits="0"/>
						<line number="881" hits="0"/>
						<line number="887" hits="0"/>
						<line number="888" hits="0"/>
						<line number="889" hits="0"/>
						<line number="891" hits="0"/>
						<line number="892" hits="0"/>
						<line number="893" hits="0"/>
						<line number="894" hits="0"/>
						<line number="895" hits="0"/>
						<line number="896" hits="0"/>
						<line number="897" hits="0"/>
						<line number="898" hits="0"/>
						<line number="899" hits="0"/>
						<line number="900" hits="0"/>
						<line number="901" hits="0"/>
						<line number="902" hits="0"/>
						<line number="903" hits="0"/>
						<line number="904" hits="0"/>
						<line number="906" hits="0"/>
						<line number="907" hits="0"/>
						<line number="908" hits="0"/>
						<line number="910" hits="0"/>
						<line number="912" hits="0"/>
						<line number="918" hits="0"/>
						<line number="919" hits="0"/>
						<line number="920" hits="0"/>
						<line number="922" hits="1"/>
						<line number="923" hits="1"/>
						<line number="956" hits="0"/>
						<line number="957" hits="0"/>
						<line number="959" hits="0"/>
						<line number="960" hits="0"/>
						<line number="961" hits="0"/>
						<line number="968" hits="0"/>
						<line number="970" hits="1"/>
						<line number="971" hits="1"/>
						<line number="1005" hits="0"/>
						<line number="1007" hits="0"/>
						<line number="1009" hits="0"/>
						<line number="1011" hits="0"/>
						<line number="1014" hits="0"/>
						<line number="1015" hits="0"/>
						<line number="1018" hits="0"/>
						<line number="1027" hits="0"/>
						<line number="1032" hits="0"/>
						<line number="1033" hits="0"/>
						<line number="1036" hits="0"/>
						<line number="1037" hits="0"/>
						<line number="1038" hits="0"/>
						<line number="1040" hits="0"/>
						<line number="1058" hits="0"/>
						<line number="1062" hits="0"/>
						<line number="1063" hits="0"/>
						<line number="1065" hits="0"/>
						<line number="1067" hits="0"/>
						<line number="1068" hits="0"/>
						<line number="1071" hits="0"/>
						<line number="1072" hits="0"/>
						<line number="1073" hits="0"/>
						<line number="1074" hits="0"/>
						<line number="1075" hits="0"/>
						<line number="1076" hits="0"/>
						<line number="1079" hits="0"/>
						<line number="1080" hits="0"/>
						<line number="1081" hits="0"/>
						<line number="1083" hits="0"/>
						<line number="1084" hits="0"/>
						<line number="1085" hits="0"/>
						<line number="1086" hits="0"/>
						<line number="1087" hits="0"/>
						<line number="1088" hits="0"/>
						<line number="1089" hits="0"/>
						<line number="1091" hits="0"/>
						<line number="1092" hits="0"/>
						<line number="1093" hits="0"/>
						<line number="1095" hits="0"/>
						<line number="1097" hits="0"/>
						<line number="1101" hits="0"/>
						<line number="1102" hits="0"/>
						<line number="1103" hits="0"/>
						<line number="1105" hits="0"/>
						<line number="1106" hits="0"/>
						<line number="1107" hits="0"/>
						<line number="1108" hits="0"/>
						<line number="1109" hits="0"/>
						<line number="1111" hits="0"/>
						<line number="1112" hits="0"/>
						<line number="1113" hits="0"/>
						<line number="1115" hits="0"/>
						<line number="1117" hits="0"/>
						<line number="1127" hits="0"/>
						<line number="1128" hits="0"/>
						<line number="1129" hits="0"/>
						<line number="1131" hits="1"/>
						<line number="1132" hits="1"/>
						<line number="1134" hits="1"/>
						<line number="1135" hits="1"/>
						<line number="1136" hits="1"/>
						<line number="1139" hits="1"/>
						<line number="1140" hits="1"/>
						<line number="1142" hits="1"/>
						<line number="1160" hits="1"/>
						<line number="1161" hits="0"/>
						<line number="1162" hits="0"/>
						<line number="1164" hits="1"/>
						<line number="1165" hits="0"/>
						<line number="1166" hits="0"/>
						<line number="1169" hits="1"/>
						<line number="1170" hits="0"/>
						<line number="1172" hits="1"/>
						<line number="1175" hits="1"/>
						<line number="1176" hits="1"/>
						<line number="1178" hits="1"/>
						<line number="1179" hits="1"/>
						<line number="1181" hits="1"/>
						<line number="1182" hits="1"/>
						<line number="1183" hits="1"/>
						<line number="1185" hits="1"/>
						<line number="1194" hits="1"/>
						<line number="1195" hits="0"/>
						<line number="1197" hits="0"/>
						<line number="1198" hits="0"/>
						<line number="1200" hits="0"/>
						<line number="1201" hits="0"/>
						<line number="1203" hits="0"/>
						<line number="1204" hits="0"/>
						<line number="1206" hits="0"/>
						<line number="1207" hits="0"/>
						<line number="1208" hits="0"/>
						<line number="1209" hits="0"/>
						<line number="1212" hits="1"/>
						<line number="1213" hits="1"/>
						<line number="1215" hits="1"/>
						<line number="1216" hits="1"/>
						<line number="1218" hits="1"/>
						<line number="1219" hits="1"/>
						<line number="1220" hits="1"/>
						<line number="1223" hits="1"/>
						<line number="1234" hits="1"/>
						<line number="1619" hits="1"/>
						<line number="1620" hits="1"/>
						<line number="1651" hits="0"/>
						<line number="1652" hits="0"/>
						<line number="1658" hits="0"/>
						<line number="1659" hits="0"/>
						<line number="1660" hits="0"/>
						<line number="1662" hits="0"/>
						<line number="1663" hits="0"/>
						<line number="1664" hits="0"/>
						<line number="1665" hits="0"/>
						<line number="1668" hits="0"/>
						<line number="1672" hits="0"/>
						<line number="1673" hits="0"/>
						<line number="1675" hits="0"/>
						<line number="1676" hits="0"/>
						<line number="1677" hits="0"/>
						<line number="1680" hits="0"/>
						<line number="1682" hits="0"/>
						<line number="1683" hits="0"/>
						<line number="1684" hits="0"/>
						<line number="1685" hits="0"/>
						<line number="1687" hits="0"/>
						<line number="1688" hits="0"/>
						<line number="1689" hits="0"/>
						<line number="1690" hits="0"/>
						<line number="1692" hits="0"/>
						<line number="1693" hits="0"/>
						<line number="1694" hits="0"/>
						<line number="1695" hits="0"/>
						<line number="1698" hits="0"/>
						<line number="1699" hits="0"/>
						<line number="1700" hits="0"/>
						<line number="1701" hits="0"/>
						<line number="1702" hits="0"/>
						<line number="1703" hits="0"/>
						<line number="1705" hits="0"/>
						<line number="1706" hits="0"/>
						<line number="1707" hits="0"/>
						<line number="1708" hits="0"/>
						<line number="1710" hits="0"/>
						<line number="1713" hits="0"/>
						<line number="1714" hits="0"/>
						<line number="1715" hits="0"/>
						<line number="1718" hits="0"/>
						<line number="1719" hits="0"/>
						<line number="1720" hits="0"/>
						<line number="1722" hits="0"/>
						<line number="1724" hits="0"/>
						<line number="1727" hits="0"/>
						<line number="1728" hits="0"/>
						<line number="1729" hits="0"/>
						<line number="1730" hits="0"/>
						<line number="1731" hits="0"/>
						<line number="1732" hits="0"/>
						<line number="1734" hits="0"/>
						<line number="1735" hits="0"/>
						<line number="1737" hits="0"/>
						<line number="1755" hits="0"/>
						<line number="1757" hits="0"/>
						<line number="1768" hits="0"/>
						<line number="1774" hits="1"/>
						<line number="1775" hits="1"/>
						<line number="1777" hits="0"/>
						<line number="1778" hits="0"/>
						<line number="1779" hits="0"/>
						<line number="1780" hits="0"/>
						<line number="1781" hits="0"/>
						<line number="1782" hits="0"/>
						<line number="1784" hits="1"/>
						<line number="1785" hits="1"/>
						<line number="1787" hits="0"/>
						<line number="1788" hits="0"/>
						<line number="1789" hits="0"/>
						<line number="1790" hits="0"/>
						<line number="1791" hits="0"/>
						<line number="1792" hits="0"/>
						<line number="1794" hits="1"/>
						<line number="1795" hits="1"/>
						<line number="1797" hits="0"/>
						<line number="1798" hits="0"/>
						<line number="1799" hits="0"/>
						<line number="1800" hits="0"/>
						<line number="1801" hits="0"/>
						<line number="1802" hits="0"/>
						<line number="1805" hits="1"/>
						<line number="1806" hits="1"/>
						<line number="1808" hits="0"/>
						<line number="1810" hits="1"/>
						<line number="1811" hits="1"/>
						<line number="1813" hits="0"/>
						<line number="1815" hits="1"/>
						<line number="1847" hits="0"/>
						<line number="1849" hits="0"/>
						<line number="1850" hits="0"/>
						<line number="1851" hits="0"/>
						<line number="1853" hits="0"/>
						<line number="1854" hits="0"/>
						<line number="1857" hits="0"/>
						<line number="1858" hits="0"/>
						<line number="1859" hits="0"/>
						<line number="1860" hits="0"/>
						<line number="1861" hits="0"/>
						<line number="1863" hits="0"/>
						<line number="1864" hits="0"/>
						<line number="1865" hits="0"/>
						<line number="1867" hits="0"/>
						<line number="1869" hits="0"/>
						<line number="1872" hits="0"/>
						<line number="1873" hits="0"/>
						<line number="1874" hits="0"/>
						<line number="1876" hits="0"/>
						<line number="1877" hits="0"/>
						<line number="1878" hits="0"/>
						<line number="1879" hits="0"/>
						<line number="1881" hits="0"/>
						<line number="1882" hits="0"/>
						<line number="1884" hits="0"/>
						<line number="1885" hits="0"/>
						<line number="1886" hits="0"/>
						<line number="1889" hits="0"/>
						<line number="1890" hits="0"/>
						<line number="1892" hits="0"/>
						<line number="1893" hits="0"/>
						<line number="1894" hits="0"/>
						<line number="1895" hits="0"/>
						<line number="1896" hits="0"/>
						<line number="1897" hits="0"/>
						<line number="1898" hits="0"/>
						<line number="1901" hits="0"/>
						<line number="1902" hits="0"/>
						<line number="1903" hits="0"/>
						<line number="1904" hits="0"/>
						<line number="1905" hits="0"/>
						<line number="1906" hits="0"/>
						<line number="1907" hits="0"/>
						<line number="1908" hits="0"/>
						<line number="1909" hits="0"/>
						<line number="1910" hits="0"/>
						<line number="1911" hits="0"/>
						<line number="1912" hits="0"/>
						<line number="1914" hits="0"/>
						<line number="1915" hits="0"/>
						<line number="1916" hits="0"/>
						<line number="1918" hits="0"/>
						<line number="1920" hits="0"/>
						<line number="1922" hits="0"/>
						<line number="1923" hits="0"/>
						<line number="1924" hits="0"/>
						<line number="1925" hits="0"/>
						<line number="1927" hits="0"/>
						<line number="1929" hits="0"/>
						<line number="1931" hits="0"/>
						<line number="1933" hits="0"/>
						<line number="1934" hits="0"/>
						<line number="1936" hits="0"/>
						<line number="1938" hits="1"/>
						<line number="1960" hits="0"/>
						<line number="1961" hits="0"/>
						<line number="1963" hits="0"/>
						<line number="1965" hits="0"/>
						<line number="1966" hits="0"/>
						<line number="1968" hits="0"/>
						<line number="1969" hits="0"/>
						<line number="1970" hits="0"/>
						<line number="1971" hits="0"/>
						<line number="1972" hits="0"/>
						<line number="1973" hits="0"/>
						<line number="1974" hits="0"/>
						<line number="1975" hits="0"/>
						<line number="1976" hits="0"/>
						<line number="1977" hits="0"/>
						<line number="1978" hits="0"/>
						<line number="1979" hits="0"/>
						<line number="1980" hits="0"/>
						<line number="1981" hits="0"/>
						<line number="1982" hits="0"/>
						<line number="1984" hits="0"/>
						<line number="1985" hits="0"/>
						<line number="1986" hits="0"/>
						<line number="1988" hits="0"/>
						<line number="1991" hits="0"/>
						<line number="1992" hits="0"/>
						<line number="1993" hits="0"/>
						<line number="1994" hits="0"/>
						<line number="1995" hits="0"/>
						<line number="1996" hits="0"/>
						<line number="1999" hits="0"/>
						<line number="2001" hits="0"/>
						<line number="2002" hits="0"/>
						<line number="2003" hits="0"/>
						<line number="2005" hits="1"/>
						<line number="2007" hits="0"/>
						<line number="2009" hits="0"/>
						<line number="2010" hits="0"/>
						<line number="2011" hits="0"/>
						<line number="2012" hits="0"/>
						<line number="2013" hits="0"/>
						<line number="2015" hits="0"/>
						<line number="2016" hits="0"/>
						<line number="2018" hits="1"/>
						<line number="2020" hits="0"/>
						<line number="2024" hits="0"/>
						<line number="2025" hits="0"/>
						<line number="2027" hits="0"/>
						<line number="2028" hits="0"/>
						<line number="2029" hits="0"/>
						<line number="2030" hits="0"/>
						<line number="2032" hits="0"/>
						<line number="2033" hits="0"/>
						<line number="2034" hits="0"/>
						<line number="2035" hits="0"/>
						<line number="2037" hits="0"/>
						<line number="2039" hits="0"/>
						<line number="2040" hits="0"/>
						<line number="2041" hits="0"/>
						<line number="2043" hits="0"/>
						<line number="2044" hits="0"/>
						<line number="2046" hits="0"/>
						<line number="2047" hits="0"/>
						<line number="2049" hits="0"/>
						<line number="2050" hits="0"/>
						<line number="2051" hits="0"/>
						<line number="2052" hits="0"/>
						<line number="2054" hits="0"/>
						<line number="2055" hits="0"/>
						<line number="2057" hits="1"/>
						<line number="2059" hits="0"/>
						<line number="2060" hits="0"/>
						<line number="2061" hits="0"/>
						<line number="2062" hits="0"/>
						<line number="2063" hits="0"/>
						<line number="2064" hits="0"/>
						<line number="2065" hits="0"/>
						<line number="2066" hits="0"/>
						<line number="2067" hits="0"/>
						<line number="2068" hits="0"/>
						<line number="2069" hits="0"/>
						<line number="2071" hits="0"/>
						<line number="2072" hits="0"/>
						<line number="2074" hits="1"/>
						<line number="2076" hits="0"/>
						<line number="2077" hits="0"/>
						<line number="2078" hits="0"/>
						<line number="2079" hits="0"/>
						<line number="2080" hits="0"/>
						<line number="2081" hits="0"/>
						<line number="2082" hits="0"/>
						<line number="2084" hits="0"/>
						<line number="2085" hits="0"/>
						<line number="2091" hits="1"/>
						<line number="2092" hits="0"/>
						<line number="2120" hits="0"/>
						<line number="2121" hits="0"/>
						<line number="2122" hits="0"/>
						<line number="2123" hits="0"/>
						<line number="2124" hits="0"/>
						<line number="2125" hits="0"/>
						<line number="2126" hits="0"/>
						<line number="2127" hits="0"/>
						<line number="2128" hits="0"/>
						<line number="2129" hits="0"/>
						<line number="2131" hits="0"/>
						<line number="2132" hits="0"/>
						<line number="2135" hits="0"/>
						<line number="2138" hits="0"/>
						<line number="2139" hits="0"/>
						<line number="2140" hits="0"/>
						<line number="2141" hits="0"/>
						<line number="2142" hits="0"/>
						<line number="2143" hits="0"/>
						<line number="2144" hits="0"/>
						<line number="2145" hits="0"/>
						<line number="2146" hits="0"/>
						<line number="2147" hits="0"/>
						<line number="2148" hits="0"/>
						<line number="2149" hits="0"/>
						<line number="2150" hits="0"/>
						<line number="2151" hits="0"/>
						<line number="2153" hits="0"/>
						<line number="2154" hits="0"/>
						<line number="2155" hits="0"/>
						<line number="2157" hits="0"/>
						<line number="2160" hits="0"/>
						<line number="2161" hits="0"/>
						<line number="2164" hits="0"/>
						<line number="2165" hits="0"/>
						<line number="2166" hits="0"/>
						<line number="2167" hits="0"/>
						<line number="2169" hits="0"/>
						<line number="2172" hits="0"/>
						<line number="2173" hits="0"/>
						<line number="2174" hits="0"/>
						<line number="2177" hits="0"/>
						<line number="2179" hits="0"/>
						<line number="2180" hits="0"/>
						<line number="2181" hits="0"/>
						<line number="2183" hits="0"/>
						<line number="2184" hits="0"/>
						<line number="2187" hits="0"/>
						<line number="2189" hits="0"/>
						<line number="2190" hits="0"/>
						<line number="2191" hits="0"/>
						<line number="2192" hits="0"/>
						<line number="2193" hits="0"/>
						<line number="2195" hits="0"/>
						<line number="2196" hits="0"/>
						<line number="2197" hits="0"/>
						<line number="2198" hits="0"/>
						<line number="2199" hits="0"/>
						<line number="2201" hits="0"/>
						<line number="2202" hits="0"/>
						<line number="2203" hits="0"/>
						<line number="2204" hits="0"/>
						<line number="2205" hits="0"/>
						<line number="2208" hits="0"/>
						<line number="2209" hits="0"/>
						<line number="2210" hits="0"/>
						<line number="2213" hits="0"/>
						<line number="2214" hits="0"/>
						<line number="2215" hits="0"/>
						<line number="2218" hits="0"/>
						<line number="2219" hits="0"/>
						<line number="2220" hits="0"/>
						<line number="2221" hits="0"/>
						<line number="2222" hits="0"/>
						<line number="2225" hits="0"/>
						<line number="2226" hits="0"/>
						<line number="2227" hits="0"/>
						<line number="2230" hits="0"/>
						<line number="2231" hits="0"/>
						<line number="2232" hits="0"/>
						<line number="2234" hits="0"/>
						<line number="2235" hits="0"/>
						<line number="2236" hits="0"/>
						<line number="2237" hits="0"/>
						<line number="2238" hits="0"/>
						<line number="2241" hits="0"/>
						<line number="2242" hits="0"/>
						<line number="2243" hits="0"/>
						<line number="2245" hits="0"/>
						<line number="2246" hits="0"/>
						<line number="2247" hits="0"/>
						<line number="2248" hits="0"/>
						<line number="2249" hits="0"/>
						<line number="2250" hits="0"/>
						<line number="2251" hits="0"/>
						<line number="2252" hits="0"/>
						<line number="2255" hits="0"/>
						<line number="2256" hits="0"/>
						<line number="2257" hits="0"/>
					</lines>
				</class>
			</classes>
		</package>
	</packages>
</coverage>
